#-----------------------------------------------------------
# Vivado v2020.1 (64-bit)
# SW Build 2902540 on Wed May 27 19:54:49 MDT 2020
# IP Build 2902112 on Wed May 27 22:43:36 MDT 2020
# Start of session at: Wed Feb 17 14:58:07 2021
# Process ID: 17584
# Current directory: C:/Users/arthur/AppData/Roaming/Xilinx/Vivado
# Command line: vivado.exe -gui_launcher_event rodinguilauncherevent9992
# Log file: C:/Users/arthur/AppData/Roaming/Xilinx/Vivado/vivado.log
# Journal file: C:/Users/arthur/AppData/Roaming/Xilinx/Vivado\vivado.jou
#-----------------------------------------------------------
Sourcing tcl script 'C:/Users/arthur/AppData/Roaming/Xilinx/Vivado/Vivado_init.tcl'
79 Beta devices matching pattern found, 0 enabled.
INFO: [Common 17-1463] Init.tcl in C:/Users/arthur/AppData/Roaming/Xilinx/Vivado/init.tcl is not used. Vivado_init.tcl is already sourced.
start_gui
open_project D:/Github/Zybo-Z7/hw/proj/hw.xpr
Scanning sources...
Finished scanning sources
INFO: [IP_Flow 19-234] Refreshing IP repositories
INFO: [IP_Flow 19-1700] Loaded user IP repository 'd:/Github/Zybo-Z7/hw/repo'.
INFO: [IP_Flow 19-2313] Loaded Vivado IP repository 'D:/Xilinx/Vivado/2020.1/data/ip'.
open_project: Time (s): cpu = 00:00:18 ; elapsed = 00:00:09 . Memory (MB): peak = 1100.012 ; gain = 23.301
update_compile_order -fileset sources_1
archive_project D:/Github/Zybo-Z7/release/Zybo-Z7-10-DMA-2020.1-1-hw.xpr.xpr.zip -temp_dir C:/Users/arthur/AppData/Roaming/Xilinx/Vivado/.Xil/Vivado-17584-WK142 -force -include_local_ip_cache
INFO: [Coretcl 2-137] starting archive...
INFO: [Coretcl 2-1499] Saving project copy to temporary location 'C:/Users/arthur/AppData/Roaming/Xilinx/Vivado/.Xil/Vivado-17584-WK142' for archiving project
Scanning sources...
Finished scanning sources
INFO: [IP_Flow 19-234] Refreshing IP repositories
INFO: [IP_Flow 19-1700] Loaded user IP repository 'd:/Github/Zybo-Z7/hw/repo'.
INFO: [IP_Flow 19-2313] Loaded Vivado IP repository 'D:/Xilinx/Vivado/2020.1/data/ip'.
INFO: [Coretcl 2-1211] Creating project copy for archival...
INFO: [Coretcl 2-1213] Including run results for 'synth_1'
INFO: [Coretcl 2-1213] Including run results for 'system_rst_ps7_0_100M_0_synth_1'
INFO: [Coretcl 2-1213] Including run results for 'system_auto_pc_1_synth_1'
INFO: [Coretcl 2-1213] Including run results for 'system_xbar_1_synth_1'
INFO: [Coretcl 2-1213] Including run results for 'system_processing_system7_0_0_synth_1'
INFO: [Coretcl 2-1213] Including run results for 'system_axi_gpio_0_0_synth_1'
INFO: [Coretcl 2-1213] Including run results for 'system_auto_pc_0_synth_1'
INFO: [Coretcl 2-1213] Including run results for 'system_axi_dma_0_0_synth_1'
INFO: [Coretcl 2-1213] Including run results for 'system_axi_iic_0_0_synth_1'
INFO: [Coretcl 2-1213] Including run results for 'system_xbar_0_synth_1'
INFO: [Coretcl 2-1213] Including run results for 'system_auto_us_0_synth_1'
INFO: [Coretcl 2-1213] Including run results for 'system_auto_us_1_synth_1'
INFO: [Coretcl 2-1213] Including run results for 'system_d_axi_i2s_audio_0_0_synth_1'
INFO: [Coretcl 2-1213] Including run results for 'impl_1'
INFO: [Coretcl 2-133] re-setting run 'system_rst_ps7_0_100M_0_impl_1'...
INFO: [Coretcl 2-133] re-setting run 'system_auto_pc_1_impl_1'...
INFO: [Coretcl 2-133] re-setting run 'system_xbar_1_impl_1'...
INFO: [Coretcl 2-133] re-setting run 'system_processing_system7_0_0_impl_1'...
INFO: [Coretcl 2-133] re-setting run 'system_axi_gpio_0_0_impl_1'...
INFO: [Coretcl 2-133] re-setting run 'system_auto_pc_0_impl_1'...
INFO: [Coretcl 2-133] re-setting run 'system_axi_dma_0_0_impl_1'...
INFO: [Coretcl 2-133] re-setting run 'system_axi_iic_0_0_impl_1'...
INFO: [Coretcl 2-133] re-setting run 'system_xbar_0_impl_1'...
INFO: [Coretcl 2-133] re-setting run 'system_auto_us_0_impl_1'...
INFO: [Coretcl 2-133] re-setting run 'system_auto_us_1_impl_1'...
INFO: [Coretcl 2-133] re-setting run 'system_d_axi_i2s_audio_0_0_impl_1'...
INFO: [Coretcl 2-1212] Importing remotely added design sources and verilog include files (if any)...
INFO: [filemgmt 20-334] All file(s) are already imported in fileset: 'system_auto_pc_0'
INFO: [filemgmt 20-348] Importing the appropriate files for fileset: 'system_auto_pc_0'
INFO: [filemgmt 20-334] All file(s) are already imported in fileset: 'system_auto_pc_1'
INFO: [filemgmt 20-348] Importing the appropriate files for fileset: 'system_auto_pc_1'
INFO: [filemgmt 20-334] All file(s) are already imported in fileset: 'system_auto_us_0'
INFO: [filemgmt 20-348] Importing the appropriate files for fileset: 'system_auto_us_0'
INFO: [filemgmt 20-334] All file(s) are already imported in fileset: 'system_auto_us_1'
INFO: [filemgmt 20-348] Importing the appropriate files for fileset: 'system_auto_us_1'
INFO: [filemgmt 20-334] All file(s) are already imported in fileset: 'system_axi_dma_0_0'
INFO: [filemgmt 20-348] Importing the appropriate files for fileset: 'system_axi_dma_0_0'
INFO: [filemgmt 20-334] All file(s) are already imported in fileset: 'system_axi_gpio_0_0'
INFO: [filemgmt 20-348] Importing the appropriate files for fileset: 'system_axi_gpio_0_0'
INFO: [filemgmt 20-334] All file(s) are already imported in fileset: 'system_axi_iic_0_0'
INFO: [filemgmt 20-348] Importing the appropriate files for fileset: 'system_axi_iic_0_0'
INFO: [filemgmt 20-334] All file(s) are already imported in fileset: 'system_d_axi_i2s_audio_0_0'
INFO: [filemgmt 20-348] Importing the appropriate files for fileset: 'system_d_axi_i2s_audio_0_0'
INFO: [filemgmt 20-334] All file(s) are already imported in fileset: 'system_processing_system7_0_0'
INFO: [filemgmt 20-348] Importing the appropriate files for fileset: 'system_processing_system7_0_0'
INFO: [filemgmt 20-334] All file(s) are already imported in fileset: 'system_rst_ps7_0_100M_0'
INFO: [filemgmt 20-348] Importing the appropriate files for fileset: 'system_rst_ps7_0_100M_0'
INFO: [filemgmt 20-334] All file(s) are already imported in fileset: 'system_xbar_0'
INFO: [filemgmt 20-348] Importing the appropriate files for fileset: 'system_xbar_0'
INFO: [filemgmt 20-334] All file(s) are already imported in fileset: 'system_xbar_1'
INFO: [filemgmt 20-348] Importing the appropriate files for fileset: 'system_xbar_1'
INFO: [filemgmt 20-348] Importing the appropriate files for fileset: 'constrs_1'
INFO: [filemgmt 20-334] All file(s) are already imported in fileset: 'sources_1'
INFO: [filemgmt 20-348] Importing the appropriate files for fileset: 'sources_1'
